This is e-pTeX, Version 3.14159265-p3.7.1-161114-2.6 (utf8.euc) (TeX Live 2017) (preloaded format=platex 2018.3.27)  5 JAN 2019 22:42
entering extended mode
 restricted \write18 enabled.
 file:line:error style messages enabled.
 %&-line parsing enabled.
**chapterProblem.tex
(./chapterProblem.tex
pLaTeX2e <2017/05/05> (based on LaTeX2e <2017-04-15>)
Babel <3.10> and hyphenation patterns for 84 language(s) loaded.
(/usr/local/texlive/2017/texmf-dist/tex/platex/base/jreport.cls
Document Class: jreport 2017/03/05 v1.7e Standard pLaTeX class
\c@@paper=\count82
(/usr/local/texlive/2017/texmf-dist/tex/platex/base/jsize10.clo
File: jsize10.clo 2017/03/05 v1.7e Standard pLaTeX file (size option)
)
\c@part=\count83
\c@chapter=\count84
\c@section=\count85
\c@subsection=\count86
\c@subsubsection=\count87
\c@paragraph=\count88
\c@subparagraph=\count89
\c@figure=\count90
\c@table=\count91
\abovecaptionskip=\skip41
\belowcaptionskip=\skip42
\symmincho=\mathgroup4
LaTeX Font Info:    Overwriting symbol font `mincho' in version `bold'
(Font)                  JY1/mc/m/n --> JY1/gt/m/n on input line 702.
\toclineskip=\dimen118
\@lnumwidth=\dimen119
\bibindent=\dimen120
\heisei=\count92
)
\@input{begin.aux}
\openout2 = `begin.aux'.

(./begin.tex (./gra_yasuda.sty (/usr/local/texlive/2017/texmf-dist/tex/latex/graphics/graphicx.sty
Package: graphicx 2014/10/28 v1.0g Enhanced LaTeX Graphics (DPC,SPQR)
 (/usr/local/texlive/2017/texmf-dist/tex/latex/graphics/keyval.sty
Package: keyval 2014/10/28 v1.15 key=value parser (DPC)
\KV@toks@=\toks15
) (/usr/local/texlive/2017/texmf-dist/tex/latex/graphics/graphics.sty
Package: graphics 2017/04/14 v1.1b Standard LaTeX Graphics (DPC,SPQR)
 (/usr/local/texlive/2017/texmf-dist/tex/latex/graphics/trig.sty
Package: trig 2016/01/03 v1.10 sin cos tan (DPC)
) (/usr/local/texlive/2017/texmf-dist/tex/latex/graphics-cfg/graphics.cfg
File: graphics.cfg 2016/06/04 v1.11 sample graphics configuration
)
Package graphics Info: Driver file: dvips.def on input line 99.
 (/usr/local/texlive/2017/texmf-dist/tex/latex/graphics-def/dvips.def
File: dvips.def 2016/07/10 v3.1a Driver-dependent file (DPC,SPQR)
))
\Gin@req@height=\dimen121
\Gin@req@width=\dimen122
) (/usr/local/texlive/2017/texmf-dist/tex/latex/amsfonts/amssymb.sty
Package: amssymb 2013/01/14 v3.01 AMS font symbols
 (/usr/local/texlive/2017/texmf-dist/tex/latex/amsfonts/amsfonts.sty
Package: amsfonts 2013/01/14 v3.01 Basic AMSFonts support
\@emptytoks=\toks16
\symAMSa=\mathgroup5
\symAMSb=\mathgroup6
LaTeX Font Info:    Overwriting math alphabet `\mathfrak' in version `bold'
(Font)                  U/euf/m/n --> U/euf/b/n on input line 106.
)) (/usr/local/texlive/2017/texmf-dist/tex/latex/hyperref/hyperref.sty
Package: hyperref 2017/03/14 v6.85a Hypertext links for LaTeX
 (/usr/local/texlive/2017/texmf-dist/tex/generic/oberdiek/hobsub-hyperref.sty
Package: hobsub-hyperref 2016/05/16 v1.14 Bundle oberdiek, subset hyperref (HO)
 (/usr/local/texlive/2017/texmf-dist/tex/generic/oberdiek/hobsub-generic.sty
Package: hobsub-generic 2016/05/16 v1.14 Bundle oberdiek, subset generic (HO)
Package: hobsub 2016/05/16 v1.14 Construct package bundles (HO)
Package: infwarerr 2016/05/16 v1.4 Providing info/warning/error messages (HO)
Package: ltxcmds 2016/05/16 v1.23 LaTeX kernel commands for general use (HO)
Package: ifluatex 2016/05/16 v1.4 Provides the ifluatex switch (HO)
Package ifluatex Info: LuaTeX not detected.
Package: ifvtex 2016/05/16 v1.6 Detect VTeX and its facilities (HO)
Package ifvtex Info: VTeX not detected.
Package: intcalc 2016/05/16 v1.2 Expandable calculations with integers (HO)
Package: ifpdf 2017/03/15 v3.2 Provides the ifpdf switch
Package: etexcmds 2016/05/16 v1.6 Avoid name clashes with e-TeX commands (HO)
Package etexcmds Info: Could not find \expanded.
(etexcmds)             That can mean that you are not using pdfTeX 1.50 or
(etexcmds)             that some package has redefined \expanded.
(etexcmds)             In the latter case, load this package earlier.
Package: kvsetkeys 2016/05/16 v1.17 Key value parser (HO)
Package: kvdefinekeys 2016/05/16 v1.4 Define keys (HO)
Package: pdftexcmds 2017/03/19 v0.25 Utility functions of pdfTeX for LuaTeX (HO)
Package pdftexcmds Info: LuaTeX not detected.
Package pdftexcmds Info: pdfTeX >= 1.30 not detected.
Package pdftexcmds Info: \pdf@primitive is available.
Package pdftexcmds Info: \pdf@ifprimitive is available.
Package pdftexcmds Info: \pdfdraftmode not found.
Package: pdfescape 2016/05/16 v1.14 Implements pdfTeX's escape features (HO)
Package: bigintcalc 2016/05/16 v1.4 Expandable calculations on big integers (HO)
Package: bitset 2016/05/16 v1.2 Handle bit-vector datatype (HO)
Package: uniquecounter 2016/05/16 v1.3 Provide unlimited unique counter (HO)
)
Package hobsub Info: Skipping package `hobsub' (already loaded).
Package: letltxmacro 2016/05/16 v1.5 Let assignment for LaTeX macros (HO)
Package: hopatch 2016/05/16 v1.3 Wrapper for package hooks (HO)
Package: xcolor-patch 2016/05/16 xcolor patch
Package: atveryend 2016/05/16 v1.9 Hooks at the very end of document (HO)
Package atveryend Info: \enddocument detected (standard20110627).
Package: atbegshi 2016/06/09 v1.18 At begin shipout hook (HO)
Package: refcount 2016/05/16 v3.5 Data extraction from label references (HO)
Package: hycolor 2016/05/16 v1.8 Color options for hyperref/bookmark (HO)
) (/usr/local/texlive/2017/texmf-dist/tex/generic/ifxetex/ifxetex.sty
Package: ifxetex 2010/09/12 v0.6 Provides ifxetex conditional
) (/usr/local/texlive/2017/texmf-dist/tex/latex/oberdiek/auxhook.sty
Package: auxhook 2016/05/16 v1.4 Hooks for auxiliary files (HO)
)
(/usr/local/texlive/2017/texmf-dist/tex/latex/oberdiek/kvoptions.sty
Package: kvoptions 2016/05/16 v3.12 Key value format for package options (HO)
)
\@linkdim=\dimen123
\Hy@linkcounter=\count93
\Hy@pagecounter=\count94
 (/usr/local/texlive/2017/texmf-dist/tex/latex/hyperref/pd1enc.def
File: pd1enc.def 2017/03/14 v6.85a Hyperref: PDFDocEncoding definition (HO)
)
\Hy@SavedSpaceFactor=\count95
 (/usr/local/texlive/2017/texmf-dist/tex/latex/latexconfig/hyperref.cfg
File: hyperref.cfg 2002/06/06 v1.2 hyperref configuration of TeXLive
)
Package hyperref Info: Hyper figures OFF on input line 4498.
Package hyperref Info: Link nesting OFF on input line 4503.
Package hyperref Info: Hyper index ON on input line 4506.
Package hyperref Info: Plain pages OFF on input line 4513.
Package hyperref Info: Backreferencing OFF on input line 4518.
Package hyperref Info: Implicit mode ON; LaTeX internals redefined.
Package hyperref Info: Bookmarks ON on input line 4751.
\c@Hy@tempcnt=\count96
 (/usr/local/texlive/2017/texmf-dist/tex/latex/url/url.sty
\Urlmuskip=\muskip10
Package: url 2013/09/16  ver 3.4  Verb mode for urls, etc.
)
LaTeX Info: Redefining \url on input line 5104.
\XeTeXLinkMargin=\dimen124
\Fld@menulength=\count97
\Field@Width=\dimen125
\Fld@charsize=\dimen126
Package hyperref Info: Hyper figures OFF on input line 6358.
Package hyperref Info: Link nesting OFF on input line 6363.
Package hyperref Info: Hyper index ON on input line 6366.
Package hyperref Info: backreferencing OFF on input line 6373.
Package hyperref Info: Link coloring OFF on input line 6378.
Package hyperref Info: Link coloring with OCG OFF on input line 6383.
Package hyperref Info: PDF/A mode OFF on input line 6388.
LaTeX Info: Redefining \ref on input line 6428.
LaTeX Info: Redefining \pageref on input line 6432.
\Hy@abspage=\count98
\c@Item=\count99
\c@Hfootnote=\count100
)

Package hyperref Message: Driver: hdvipdfm.

(/usr/local/texlive/2017/texmf-dist/tex/latex/hyperref/hdvipdfm.def
File: hdvipdfm.def 2017/03/14 v6.85a Hyperref driver for dvipdfm
\pdfm@box=\box42
\c@Hy@AnnotLevel=\count101
\HyField@AnnotCount=\count102
\Fld@listcount=\count103
\c@bookmark@seq@number=\count104
 (/usr/local/texlive/2017/texmf-dist/tex/latex/oberdiek/rerunfilecheck.sty
Package: rerunfilecheck 2016/05/16 v1.8 Rerun checks for auxiliary files (HO)
Package uniquecounter Info: New unique counter `rerunfilecheck' on input line 282.
)
\Hy@SectionHShift=\skip43
) (/usr/local/texlive/2017/texmf-dist/tex/platex/pxjahyper/pxjahyper.sty
Package: pxjahyper 2012/05/27 v0.2
) (/usr/local/texlive/2017/texmf-dist/tex/latex/multirow/multirow.sty
Package: multirow 2016/11/25 v2.2 Span multiple rows of a table
\multirow@colwidth=\skip44
\multirow@cntb=\count105
\multirow@dima=\skip45
\bigstrutjot=\dimen127
)
Package hyperref Info: Option `setpagesize' set `false' on input line 24.
Package hyperref Info: Option `colorlinks' set `true' on input line 24.


./gra_yasuda.sty:24: Package kvsetkeys Error: Undefined key `linkcolors'.

See the kvsetkeys package documentation for explanation.
Type  H <return>  for immediate help.
 ...                                              
                                                  
l.24 }
      
The keyval family of the key `linkcolors' is `Hyp'.
The setting of the key is ignored because of the error.

Try typing  <return>  to proceed.
If that doesn't work, type  X <return>  to quit.

) (/usr/local/texlive/2017/texmf-dist/tex/latex/graphics/lscape.sty
Package: lscape 2000/10/22 v3.01 Landscape Pages (DPC)
) (/usr/local/texlive/2017/texmf-dist/tex/latex/here/here.sty) (/usr/local/texlive/2017/texmf-dist/tex/latex/float/float.sty
Package: float 2001/11/08 v1.3d Float enhancements (AL)
\c@float@type=\count106
\float@exts=\toks17
\float@box=\box43
\@float@everytoks=\toks18
\@floatcapt=\box44
) (/usr/local/texlive/2017/texmf-dist/tex/latex/graphics/color.sty
Package: color 2016/07/10 v1.1e Standard LaTeX Color (DPC)
 (/usr/local/texlive/2017/texmf-dist/tex/latex/graphics-cfg/color.cfg
File: color.cfg 2016/01/02 v1.6 sample color configuration
)
Package color Info: Driver file: dvipdfmx.def on input line 147.
 (/usr/local/texlive/2017/texmf-dist/tex/latex/graphics-def/dvipdfmx.def
File: dvipdfmx.def 2016/07/11 v4.12 LaTeX color/graphics driver for dvipdfmx (L3/ChoF)
) (/usr/local/texlive/2017/texmf-dist/tex/latex/graphics/dvipsnam.def
File: dvipsnam.def 2016/06/17 v3.0m Driver-dependent file (DPC,SPQR)
)) (/usr/local/texlive/2017/texmf-dist/tex/latex/amsmath/amsmath.sty
Package: amsmath 2016/11/05 v2.16a AMS math features
\@mathmargin=\skip46

For additional information on amsmath, use the `?' option.
(/usr/local/texlive/2017/texmf-dist/tex/latex/amsmath/amstext.sty
Package: amstext 2000/06/29 v2.01 AMS text
 (/usr/local/texlive/2017/texmf-dist/tex/latex/amsmath/amsgen.sty
File: amsgen.sty 1999/11/30 v2.0 generic functions
\@emptytoks=\toks19
\ex@=\dimen128
)) (/usr/local/texlive/2017/texmf-dist/tex/latex/amsmath/amsbsy.sty
Package: amsbsy 1999/11/29 v1.2d Bold Symbols
\pmbraise@=\dimen129
) (/usr/local/texlive/2017/texmf-dist/tex/latex/amsmath/amsopn.sty
Package: amsopn 2016/03/08 v2.02 operator names
)
\inf@bad=\count107
LaTeX Info: Redefining \frac on input line 213.
\uproot@=\count108
\leftroot@=\count109
LaTeX Info: Redefining \overline on input line 375.
\classnum@=\count110
\DOTSCASE@=\count111
LaTeX Info: Redefining \ldots on input line 472.
LaTeX Info: Redefining \dots on input line 475.
LaTeX Info: Redefining \cdots on input line 596.
\Mathstrutbox@=\box45
\strutbox@=\box46
\big@size=\dimen130
LaTeX Font Info:    Redeclaring font encoding OML on input line 712.
LaTeX Font Info:    Redeclaring font encoding OMS on input line 713.
\macc@depth=\count112
\c@MaxMatrixCols=\count113
\dotsspace@=\muskip11
\c@parentequation=\count114
\dspbrk@lvl=\count115
\tag@help=\toks20
\row@=\count116
\column@=\count117
\maxfields@=\count118
\andhelp@=\toks21
\eqnshift@=\dimen131
\alignsep@=\dimen132
\tagshift@=\dimen133
\tagwidth@=\dimen134
\totwidth@=\dimen135
\lineht@=\dimen136
\@envbody=\toks22
\multlinegap=\skip47
\multlinetaggap=\skip48
\mathdisplay@stack=\toks23
LaTeX Info: Redefining \[ on input line 2817.
LaTeX Info: Redefining \] on input line 2818.
) (/usr/local/texlive/2017/texmf-dist/tex/latex/subfig/subfig.sty
Package: subfig 2005/06/28 ver: 1.3 subfig package
 (/usr/local/texlive/2017/texmf-dist/tex/latex/caption/caption.sty
Package: caption 2016/02/21 v3.3-144 Customizing captions (AR)
 (/usr/local/texlive/2017/texmf-dist/tex/latex/caption/caption3.sty
Package: caption3 2016/05/22 v1.7-166 caption3 kernel (AR)
Package caption3 Info: TeX engine: e-TeX on input line 67.
\captionmargin=\dimen137
\captionmargin@=\dimen138
\captionwidth=\dimen139
\caption@tempdima=\dimen140
\caption@indent=\dimen141
\caption@parindent=\dimen142
\caption@hangindent=\dimen143
Package caption Info: Unknown document class (or package),
(caption)             standard defaults will be used.
)

Package caption Warning: Unsupported document class (or package) detected,
(caption)                usage of the caption package is not recommended.
See the caption package documentation for explanation.

Package caption Info: \@makecaption = \long macro:#1#2->\vskip \abovecaptionskip \iftdir \sbox \@tempboxa {#1\hskip 1zw#2}\else \sbox \@tempboxa {#1: #2}\fi \ifdim \wd \@tempboxa >\hsize \iftdir #1\hskip 1zw#2\relax \par \else #1: #2\relax \par \fi \else \global \@minipagefalse \hb@xt@ \hsize {\hfil \box \@tempboxa \hfil }\fi \vskip \belowcaptionskip .
\c@ContinuedFloat=\count119
Package caption Info: float package is loaded.
Package caption Info: hyperref package is loaded.
)
\c@KVtest=\count120
\sf@farskip=\skip49
\sf@captopadj=\dimen144
\sf@capskip=\skip50
\sf@nearskip=\skip51
\c@subfigure=\count121
\c@subfigure@save=\count122
\c@lofdepth=\count123
\c@subtable=\count124
\c@subtable@save=\count125
\c@lotdepth=\count126
\sf@top=\skip52
\sf@bottom=\skip53
) (/usr/local/texlive/2017/texmf-dist/tex/platex/base/tascmac.sty
Package: tascmac 2016/08/21 v2.0c ascmac package (community edition) 
\@savetbaselineshift=\dimen145
\@saveybaselineshift=\dimen146
\scb@x=\box47
\scscb@x=\box48
\@bw=\dimen147
\@nbox=\box49
\@nbody=\box50
\@scw=\dimen148
\@itemh=\dimen149
\@iboxpos=\toks24
\@iboxstr=\box51
\@bwsp=\box52
\@@bwsp=\box53
\@bcal=\count127
\shaderule=\dimen150
) (/usr/local/texlive/2017/texmf-dist/tex/platex/base/ascmac.sty
Package: ascmac 2016/08/21 v2.0c ascmac wrapper (community edition) 
) (/usr/local/texlive/2017/texmf-dist/tex/latex/booktabs/booktabs.sty
Package: booktabs 2016/04/27 v1.618033 publication quality tables
\heavyrulewidth=\dimen151
\lightrulewidth=\dimen152
\cmidrulewidth=\dimen153
\belowrulesep=\dimen154
\belowbottomsep=\dimen155
\aboverulesep=\dimen156
\abovetopsep=\dimen157
\cmidrulesep=\dimen158
\cmidrulekern=\dimen159
\defaultaddspace=\dimen160
\@cmidla=\count128
\@cmidlb=\count129
\@aboverulesep=\dimen161
\@belowrulesep=\dimen162
\@thisruleclass=\count130
\@lastruleclass=\count131
\@thisrulewidth=\dimen163
) (/usr/local/texlive/2017/texmf-dist/tex/platex/japanese-otf-uptex/otf.sty
Package: otf 2013/11/17 v1.7b6 psitau, u0.18 ttk
LaTeX Font Info:    Redeclaring symbol font `mincho' on input line 279.
LaTeX Font Info:    Overwriting symbol font `mincho' in version `normal'
(Font)                  JY1/mc/m/n --> JY1/hmc/m/n on input line 279.
LaTeX Font Info:    Overwriting symbol font `mincho' in version `bold'
(Font)                  JY1/gt/m/n --> JY1/hmc/m/n on input line 279.
LaTeX Font Info:    Overwriting symbol font `mincho' in version `bold'
(Font)                  JY1/hmc/m/n --> JY1/hmc/bx/n on input line 281.
LaTeX Font Info:    Redeclaring math alphabet \mathgt on input line 282.
LaTeX Font Info:    Overwriting math alphabet `\mathgt' in version `normal'
(Font)                  JY1/gt/m/n --> JY1/hgt/m/n on input line 282.
LaTeX Font Info:    Overwriting math alphabet `\mathgt' in version `bold'
(Font)                  JY1/gt/m/n --> JY1/hgt/m/n on input line 282.
LaTeX Font Info:    Overwriting math alphabet `\mathgt' in version `bold'
(Font)                  JY1/hgt/m/n --> JY1/hgt/bx/n on input line 283.
 (/usr/local/texlive/2017/texmf-dist/tex/platex/japanese-otf/ajmacros.sty
Package: ajmacros 2005/12/25 13:52 iNOUE Koich! <inoue@ma.ns.musashi-tech.ac.jp>
\@tempcntc=\count132
\@tempcntd=\count133
\@tempcnte=\count134
\@tempcntf=\count135
)) (/usr/local/texlive/2017/texmf-dist/tex/latex/comment/comment.sty
\CommentStream=\write3
 Excluding comment 'comment')
./begin.tex:19: Text line contains an invalid character.
l.19 \title{心理的効果を用いた^^K
                                 人間とエージェントの^^K繰り返し交渉戦略}
A funny symbol that I can't read has just been input.
Continue, and I'll forget that it ever happened.

./begin.tex:19: Text line contains an invalid character.
l.19 ...理的効果を用いた^^K人間とエージェントの^^K
                                                  繰り返し交渉戦略}
A funny symbol that I can't read has just been input.
Continue, and I'll forget that it ever happened.


LaTeX Warning: Unused global option(s):
    [10.5pt].

(./chapterProblem.aux (./end.aux))
\openout1 = `chapterProblem.aux'.

LaTeX Font Info:    Checking defaults for OML/cmm/m/it on input line 37.
LaTeX Font Info:    ... okay on input line 37.
LaTeX Font Info:    Checking defaults for T1/cmr/m/n on input line 37.
LaTeX Font Info:    ... okay on input line 37.
LaTeX Font Info:    Checking defaults for OT1/cmr/m/n on input line 37.
LaTeX Font Info:    ... okay on input line 37.
LaTeX Font Info:    Checking defaults for OMS/cmsy/m/n on input line 37.
LaTeX Font Info:    ... okay on input line 37.
LaTeX Font Info:    Checking defaults for OMX/cmex/m/n on input line 37.
LaTeX Font Info:    ... okay on input line 37.
LaTeX Font Info:    Checking defaults for U/cmr/m/n on input line 37.
LaTeX Font Info:    ... okay on input line 37.
LaTeX Font Info:    Checking defaults for JY1/mc/m/n on input line 37.
LaTeX Font Info:    ... okay on input line 37.
LaTeX Font Info:    Checking defaults for JT1/mc/m/n on input line 37.
LaTeX Font Info:    ... okay on input line 37.
LaTeX Font Info:    Checking defaults for PD1/pdf/m/n on input line 37.
LaTeX Font Info:    ... okay on input line 37.
LaTeX Font Info:    Font shape `JT1/hmc/m/n' will be
(Font)              scaled to size 9.6222pt on input line 37.
LaTeX Font Info:    Font shape `JY1/hmc/m/n' will be
(Font)              scaled to size 9.6222pt on input line 37.
\AtBeginShipoutBox=\box54
Package hyperref Info: Link coloring ON on input line 37.
 (/usr/local/texlive/2017/texmf-dist/tex/latex/hyperref/nameref.sty
Package: nameref 2016/05/21 v2.44 Cross-referencing by name of section
 (/usr/local/texlive/2017/texmf-dist/tex/generic/oberdiek/gettitlestring.sty
Package: gettitlestring 2016/05/16 v1.5 Cleanup title references (HO)
)
\c@section@level=\count136
)
LaTeX Info: Redefining \ref on input line 37.
LaTeX Info: Redefining \pageref on input line 37.
LaTeX Info: Redefining \nameref on input line 37.
 (./chapterProblem.out) (./chapterProblem.out)
\@outlinefile=\write4
\openout4 = `chapterProblem.out'.

Package caption Info: Begin \AtBeginDocument code.
Package caption Info: subfig package v1.3 is loaded.
Package caption Info: End \AtBeginDocument code.
)

./chapterProblem.tex:4: LaTeX Error: Can be used only in preamble.

See the LaTeX manual or LaTeX Companion for explanation.
Type  H <return>  for immediate help.
 ...                                              
                                                  
l.4 \DeclareMathOperator
                        *{\argmin}{arg\,min}
Your command was ignored.
Type  I <command> <return>  to replace it with another command,
or  <return>  to continue without it.

./chapterProblem.tex:4: Undefined control sequence.
l.4 \DeclareMathOperator*{\argmin
                                 }{arg\,min}
The control sequence at the end of the top line
of your error message was never \def'ed. If you have
misspelled it (e.g., `\hobx'), type `I' and the correct
spelling (e.g., `I\hbox'). Otherwise just continue,
and I'll forget about whatever was undefined.


./chapterProblem.tex:5: LaTeX Error: Can be used only in preamble.

See the LaTeX manual or LaTeX Companion for explanation.
Type  H <return>  for immediate help.
 ...                                              
                                                  
l.5 \DeclareMathOperator
                        *{\argmax}{arg\,max}
Your command was ignored.
Type  I <command> <return>  to replace it with another command,
or  <return>  to continue without it.

./chapterProblem.tex:5: Undefined control sequence.
l.5 \DeclareMathOperator*{\argmax
                                 }{arg\,max}
The control sequence at the end of the top line
of your error message was never \def'ed. If you have
misspelled it (e.g., `\hobx'), type `I' and the correct
spelling (e.g., `I\hbox'). Otherwise just continue,
and I'll forget about whatever was undefined.

[1



]
第 1 章
LaTeX Font Info:    Font shape `JT1/hmc/m/n' will be
(Font)              scaled to size 19.95642pt on input line 9.
LaTeX Font Info:    Font shape `JY1/hmc/m/n' will be
(Font)              scaled to size 19.95642pt on input line 9.
LaTeX Font Info:    Font shape `JT1/hmc/bx/n' in size <20.74> not available
(Font)              Font shape `JT1/hgt/m/n' tried instead on input line 9.
LaTeX Font Info:    Font shape `JT1/hgt/m/n' will be
(Font)              scaled to size 19.95642pt on input line 9.
LaTeX Font Info:    Font shape `JY1/hmc/bx/n' in size <20.74> not available
(Font)              Font shape `JY1/hgt/m/n' tried instead on input line 9.
LaTeX Font Info:    Font shape `JY1/hgt/m/n' will be
(Font)              scaled to size 19.95642pt on input line 9.
LaTeX Font Info:    Font shape `JT1/hmc/m/n' will be
(Font)              scaled to size 13.85594pt on input line 11.
LaTeX Font Info:    Font shape `JY1/hmc/m/n' will be
(Font)              scaled to size 13.85594pt on input line 11.
LaTeX Font Info:    Font shape `JT1/hmc/bx/n' in size <14.4> not available
(Font)              Font shape `JT1/hgt/m/n' tried instead on input line 11.
LaTeX Font Info:    Font shape `JT1/hgt/m/n' will be
(Font)              scaled to size 13.85594pt on input line 11.
LaTeX Font Info:    Font shape `JY1/hmc/bx/n' in size <14.4> not available
(Font)              Font shape `JY1/hgt/m/n' tried instead on input line 11.
LaTeX Font Info:    Font shape `JY1/hgt/m/n' will be
(Font)              scaled to size 13.85594pt on input line 11.
LaTeX Font Info:    Font shape `JY1/hmc/m/n' will be
(Font)              scaled to size 6.73553pt on input line 12.
LaTeX Font Info:    Font shape `JY1/hmc/m/n' will be
(Font)              scaled to size 4.8111pt on input line 12.
LaTeX Font Info:    Try loading font information for U+msa on input line 12.
(/usr/local/texlive/2017/texmf-dist/tex/latex/amsfonts/umsa.fd
File: umsa.fd 2013/01/14 v3.01 AMS symbols A
)
LaTeX Font Info:    Try loading font information for U+msb on input line 12.
 (/usr/local/texlive/2017/texmf-dist/tex/latex/amsfonts/umsb.fd
File: umsb.fd 2013/01/14 v3.01 AMS symbols B
)
./chapterProblem.tex:15: Undefined control sequence.
l.15   f = \argmax
                  _{s \in S} U_{A_1}(s)
The control sequence at the end of the top line
of your error message was never \def'ed. If you have
misspelled it (e.g., `\hobx'), type `I' and the correct
spelling (e.g., `I\hbox'). Otherwise just continue,
and I'll forget about whatever was undefined.

./chapterProblem.tex:33: Text line contains an invalid character.
l.33 ...s = (v1; v2; : : : ; vM) j vj 2 Vj ; 1 ^^T
                                                   j ^^T Mg (3.3)
A funny symbol that I can't read has just been input.
Continue, and I'll forget that it ever happened.

./chapterProblem.tex:33: Text line contains an invalid character.
l.33 ...1; v2; : : : ; vM) j vj 2 Vj ; 1 ^^T j ^^T
                                                   Mg (3.3)
A funny symbol that I can't read has just been input.
Continue, and I'll forget that it ever happened.

./chapterProblem.tex:44: Text line contains an invalid character.
l.44 wj ^^A
            eval(vj) (3.4)
A funny symbol that I can't read has just been input.
Continue, and I'll forget that it ever happened.

[2

]
\openout2 = `end.aux'.

 (./end.tex (./chapterProblem.bbl [3


]

LaTeX Warning: Empty `thebibliography' environment on input line 3.

) Excluding 'comment' comment.
Package atveryend Info: Empty hook `BeforeClearDocument' on input line 34.
 [4

]
Package atveryend Info: Empty hook `AfterLastShipout' on input line 34.
 (./chapterProblem.aux (./end.aux))
Package atveryend Info: Empty hook `AtVeryEndDocument' on input line 34.
Package atveryend Info: Executing hook `AtEndAfterFileList' on input line 34.
Package rerunfilecheck Info: File `chapterProblem.out' has not changed.
(rerunfilecheck)             Checksum: 9F6C91CA978CD94FE6041D799646DAA7;117.


LaTeX Warning: Label(s) may have changed. Rerun to get cross-references right.

Package atveryend Info: Empty hook `AtVeryVeryEnd' on input line 34.
 ) )
(\end occurred when \iftrue on line 50 was incomplete)
(\end occurred when \ifnum on line 50 was incomplete) 
Here is how much of TeX's memory you used:
 8988 strings out of 493653
 129486 string characters out of 6148874
 223169 words of memory out of 5000000
 12473 multiletter control sequences out of 15000+600000
 11729 words of font info for 56 fonts, out of 8000000 for 9000
 929 hyphenation exceptions out of 8191
 48i,5n,44p,348b,991s stack positions out of 5000i,500n,10000p,200000b,80000s

Output written on chapterProblem.dvi (4 pages, 6564 bytes).
