\BOOKMARK [0][-]{chapter.1}{はじめに}{}% 1
\BOOKMARK [1][-]{section.1.1}{背景}{chapter.1}% 2
\BOOKMARK [1][-]{section.1.2}{本研究の目的}{chapter.1}% 3
\BOOKMARK [1][-]{section.1.3}{本論文の構成}{chapter.1}% 4
\BOOKMARK [0][-]{chapter.2}{関連研究}{}% 5
\BOOKMARK [1][-]{section.2.1}{自動交渉エージェント競技会\(ANAC\)}{chapter.2}% 6
\BOOKMARK [2][-]{subsection.2.1.1}{ANAC}{section.2.1}% 7
\BOOKMARK [2][-]{subsection.2.1.2}{IAGO}{section.2.1}% 8
\BOOKMARK [0][-]{chapter.3}{繰り返し交渉戦略の提案}{}% 9
\BOOKMARK [1][-]{section.3.1}{段階的要請法\(Foot-in-the-Door technique\)}{chapter.3}% 10
\BOOKMARK [1][-]{section.3.2}{譲歩的要請法\(Door-in-the-Face technique\)}{chapter.3}% 11
\BOOKMARK [1][-]{section.3.3}{段階的要請法と譲歩的要請法を組み合わせた交渉戦略の提案}{chapter.3}% 12
\BOOKMARK [0][-]{chapter.4}{予備実験}{}% 13
\BOOKMARK [1][-]{section.4.1}{目的と概要}{chapter.4}% 14
\BOOKMARK [1][-]{section.4.2}{実験設定}{chapter.4}% 15
\BOOKMARK [1][-]{section.4.3}{実験結果と考察}{chapter.4}% 16
\BOOKMARK [2][-]{subsection.4.3.1}{パラメータの実験結果と考察}{section.4.3}% 17
\BOOKMARK [2][-]{subsection.4.3.2}{パラメータの実験結果と考察}{section.4.3}% 18
\BOOKMARK [0][-]{chapter.5}{評価実験}{}% 19
\BOOKMARK [1][-]{section.5.1}{実験設定}{chapter.5}% 20
\BOOKMARK [2][-]{subsection.5.1.1}{実験で使用したドメイン}{section.5.1}% 21
\BOOKMARK [2][-]{subsection.5.1.2}{パラメータ設定}{section.5.1}% 22
\BOOKMARK [1][-]{section.5.2}{実験結果と考察}{chapter.5}% 23
\BOOKMARK [2][-]{subsection.5.2.1}{パラメータの実験結果と考察}{section.5.2}% 24
\BOOKMARK [2][-]{subsection.5.2.2}{パラメータの実験結果と考察}{section.5.2}% 25
\BOOKMARK [0][-]{chapter.6}{おわりに}{}% 26
\BOOKMARK [1][-]{section.6.1}{まとめ}{chapter.6}% 27
\BOOKMARK [1][-]{section.6.2}{今後の課題}{chapter.6}% 28
